<?xml version="1.0" encoding="UTF-8"?>
<testsuite xmlns:xsi="http://www.w3.org/2001/XMLSchema-instance" xsi:noNamespaceSchemaLocation="https://maven.apache.org/surefire/maven-surefire-plugin/xsd/surefire-test-report-3.0.xsd" version="3.0" name="com.gayantha.binance.demo.DemoApplicationTests" time="6.511" tests="1" errors="0" skipped="0" failures="0">
  <properties>
[...]
</properties>
  <testcase name="contextLoads" classname="com.gayantha.binance.demo.DemoApplicationTests" time="2.847">
    <system-out><![CDATA[23:00:55.438 [main] INFO org.springframework.test.context.support.AnnotationConfigContextLoaderUtils -- Could not detect default configuration classes for test class [com.gayantha.binance.demo.DemoApplicationTests]: DemoApplicationTests does not declare any static, non-private, non-final, nested classes annotated with @Configuration.
23:00:55.659 [main] INFO org.springframework.boot.test.context.SpringBootTestContextBootstrapper -- Found @SpringBootConfiguration com.gayantha.binance.demo.DemoApplication for test class com.gayantha.binance.demo.DemoApplicationTests

  .   ____          _            __ _ _
 /\\ / ___'_ __ _ _(_)_ __  __ _ \ \ \ \
( ( )\___ | '_ | '_| | '_ \/ _` | \ \ \ \
 \\/  ___)| |_)| | | | | || (_| |  ) ) ) )
  '  |____| .__|_| |_|_| |_\__, | / / / /
 =========|_|==============|___/=/_/_/_/
 :: Spring Boot ::                (v3.2.5)

2024-04-30T23:00:56.767+09:00  INFO 97892 --- [demo] [           main] c.g.binance.demo.DemoApplicationTests    : Starting DemoApplicationTests using Java 21 with PID 97892 (started by apple in /Users/apple/Documents/Dev/BinanceOrderBook)
2024-04-30T23:00:56.769+09:00  INFO 97892 --- [demo] [           main] c.g.binance.demo.DemoApplicationTests    : No active profile set, falling back to 1 default profile: "default"
2024-04-30T23:00:58.570+09:00  INFO 97892 --- [demo] [           main] c.g.binance.demo.DemoApplicationTests    : Started DemoApplicationTests in 2.535 seconds (process running for 5.011)
{"lastUpdateId":1081291215,"bids":[["0.00364300","57071.00000000"],["0.00364200","267980.00000000"],["0.00364100","33132.00000000"],["0.00364000","193167.00000000"],["0.00363900","156695.00000000"],["0.00363800","1259539.00000000"],["0.00363700","42694.00000000"],["0.00363600","469210.00000000"],["0.00363500","869342.00000000"],["0.00363400","1017521.00000000"],["0.00363300","958286.00000000"],["0.00363200","23479.00000000"],["0.00363100","604787.00000000"],["0.00363000","370319.00000000"],["0.00362900","846328.00000000"],["0.00362800","242603.00000000"],["0.00362700","1376304.00000000"],["0.00362600","213094.00000000"],["0.00362500","391120.00000000"],["0.00362400","486586.00000000"],["0.00362300","177452.00000000"],["0.00362200","27609.00000000"],["0.00362100","301047.00000000"],["0.00362000","27900.00000000"],["0.00361900","2066.00000000"],["0.00361700","2067.00000000"],["0.00361500","29730.00000000"],["0.00361400","3171.00000000"],["0.00361300","2059.00000000"],["0.00361200","1063058.00000000"],["0.00361100","2060.00000000"],["0.00361000","62229.00000000"],["0.00360900","2061.00000000"],["0.00360800","13423.00000000"],["0.00360700","269062.00000000"],["0.00360600","5327.00000000"],["0.00360500","84587.00000000"],["0.00360400","458191.00000000"],["0.00360300","2064.00000000"],["0.00360200","15928.00000000"],["0.00360000","807697.00000000"],["0.00359900","90227.00000000"],["0.00359800","20763.00000000"],["0.00359700","9168.00000000"],["0.00359500","973913.00000000"],["0.00359400","21299.00000000"],["0.00359300","10080.00000000"],["0.00359000","700000.00000000"],["0.00358800","12743.00000000"],["0.00358700","2648.00000000"]],"asks":[["0.00364500","36914.00000000"],["0.00364600","132816.00000000"],["0.00364700","62277.00000000"],["0.00364800","2328296.00000000"],["0.00364900","548792.00000000"],["0.00365000","455955.00000000"],["0.00365100","511817.00000000"],["0.00365200","105045.00000000"],["0.00365300","239124.00000000"],["0.00365400","38977.00000000"],["0.00365500","493679.00000000"],["0.00365600","36848.00000000"],["0.00365700","455679.00000000"],["0.00365800","23107.00000000"],["0.00365900","71646.00000000"],["0.00366000","36848.00000000"],["0.00366100","210583.00000000"],["0.00366200","36798.00000000"],["0.00366300","71261.00000000"],["0.00366400","11968.00000000"],["0.00366500","2064.00000000"],["0.00366700","314604.00000000"],["0.00366900","2066.00000000"],["0.00367000","161650.00000000"],["0.00367100","202067.00000000"],["0.00367300","2068.00000000"],["0.00367400","10372.00000000"],["0.00367500","2059.00000000"],["0.00367600","545256.00000000"],["0.00367700","2060.00000000"],["0.00367800","750000.00000000"],["0.00367900","2061.00000000"],["0.00368100","2062.00000000"],["0.00368200","453746.00000000"],["0.00368300","2063.00000000"],["0.00368500","17968.00000000"],["0.00368800","292653.00000000"],["0.00369300","15935.00000000"],["0.00369700","264140.00000000"],["0.00370000","84882.00000000"],["0.00370100","15922.00000000"],["0.00370400","1535.00000000"],["0.00370500","1667.00000000"],["0.00370800","15775.00000000"],["0.00370900","840994.00000000"],["0.00371000","713334.00000000"],["0.00371200","30001.00000000"],["0.00371500","5445.00000000"],["0.00371600","512345.00000000"],["0.00372000","700000.00000000"]]}
{"lastUpdateId":32273167215,"bids":[["2991.00000000","13.41870000"],["2990.99000000","3.00000000"],["2990.98000000","2.11300000"],["2990.90000000","0.00190000"],["2990.89000000","8.18300000"],["2990.88000000","1.00330000"],["2990.87000000","5.00000000"],["2990.85000000","0.00190000"],["2990.84000000","2.00000000"],["2990.83000000","0.66600000"],["2990.81000000","0.03930000"],["2990.80000000","5.94350000"],["2990.79000000","5.00000000"],["2990.75000000","0.00190000"],["2990.74000000","3.00000000"],["2990.73000000","1.87700000"],["2990.70000000","0.00190000"],["2990.65000000","0.00190000"],["2990.63000000","2.00000000"],["2990.60000000","1.53050000"],["2990.59000000","3.29520000"],["2990.55000000","0.00190000"],["2990.54000000","0.00500000"],["2990.50000000","0.00190000"],["2990.49000000","0.01670000"],["2990.45000000","0.00190000"],["2990.44000000","1.91460000"],["2990.43000000","4.29520000"],["2990.40000000","4.11440000"],["2990.39000000","4.31190000"],["2990.38000000","0.10000000"],["2990.35000000","0.00190000"],["2990.34000000","0.82980000"],["2990.32000000","0.03930000"],["2990.30000000","0.00530000"],["2990.29000000","0.03930000"],["2990.26000000","7.85780000"],["2990.25000000","0.00190000"],["2990.23000000","1.11320000"],["2990.22000000","1.82000000"],["2990.20000000","1.85530000"],["2990.19000000","0.11050000"],["2990.16000000","0.05630000"],["2990.15000000","0.00190000"],["2990.13000000","1.16240000"],["2990.10000000","0.00190000"],["2990.09000000","0.00380000"],["2990.05000000","0.00190000"],["2990.04000000","2.71800000"],["2990.00000000","1.68180000"]],"asks":[["2991.01000000","10.50990000"],["2991.05000000","5.05050000"],["2991.06000000","5.00000000"],["2991.07000000","2.00000000"],["2991.09000000","0.12050000"],["2991.16000000","3.00000000"],["2991.21000000","1.29680000"],["2991.26000000","6.68830000"],["2991.28000000","2.11650000"],["2991.30000000","0.00190000"],["2991.35000000","0.00190000"],["2991.40000000","0.00190000"],["2991.43000000","1.09230000"],["2991.44000000","1.82000000"],["2991.45000000","0.00190000"],["2991.50000000","0.07920000"],["2991.52000000","3.23880000"],["2991.53000000","5.60630000"],["2991.54000000","0.00270000"],["2991.55000000","0.00530000"],["2991.56000000","1.67150000"],["2991.60000000","1.35680000"],["2991.61000000","2.19560000"],["2991.65000000","0.00190000"],["2991.68000000","0.46800000"],["2991.70000000","0.10190000"],["2991.75000000","0.00190000"],["2991.79000000","0.04000000"],["2991.80000000","2.63270000"],["2991.84000000","0.00630000"],["2991.85000000","0.10450000"],["2991.86000000","7.50050000"],["2991.89000000","1.32520000"],["2991.90000000","0.00190000"],["2991.95000000","0.84180000"],["2991.97000000","6.01550000"],["2991.98000000","10.02130000"],["2991.99000000","0.10400000"],["2992.00000000","0.00190000"],["2992.03000000","5.57240000"],["2992.04000000","6.55840000"],["2992.05000000","4.66200000"],["2992.10000000","0.03930000"],["2992.12000000","13.94070000"],["2992.14000000","0.25190000"],["2992.16000000","1.15910000"],["2992.18000000","10.03900000"],["2992.19000000","0.21050000"],["2992.23000000","0.03930000"],["2992.24000000","3.89210000"]]}
SLPUSDT
Buy Order
Side           Price(USDT)         Sum(USDT)           Total(USDT)         2024-04-30T23:01:00.321+09:00 ERROR 97892 --- [demo] [   scheduling-1] o.s.s.s.TaskUtils$LoggingErrorHandler    : Unexpected error occurred in scheduled task

java.util.MissingFormatArgumentException: Format specifier '%s'
	at java.base/java.util.Formatter.format(Formatter.java:2790) ~[na:na]
	at java.base/java.io.PrintStream.implFormat(PrintStream.java:1367) ~[na:na]
	at java.base/java.io.PrintStream.format(PrintStream.java:1352) ~[na:na]
	at java.base/java.io.PrintStream.printf(PrintStream.java:1245) ~[na:na]
	at com.gayantha.binance.demo.model.OrderBookManager.printOrderBook(OrderBookManager.java:57) ~[classes/:na]
	at com.gayantha.binance.demo.DemoApplication.printOrderBooksPlusTotalVolumeChange(DemoApplication.java:60) ~[classes/:na]
	at com.gayantha.binance.demo.DemoApplication.updateOrderBooks(DemoApplication.java:81) ~[classes/:na]
	at java.base/jdk.internal.reflect.DirectMethodHandleAccessor.invoke(DirectMethodHandleAccessor.java:103) ~[na:na]
	at java.base/java.lang.reflect.Method.invoke(Method.java:580) ~[na:na]
	at org.springframework.scheduling.support.ScheduledMethodRunnable.runInternal(ScheduledMethodRunnable.java:130) ~[spring-context-6.1.6.jar:6.1.6]
	at org.springframework.scheduling.support.ScheduledMethodRunnable.lambda$run$2(ScheduledMethodRunnable.java:124) ~[spring-context-6.1.6.jar:6.1.6]
	at io.micrometer.observation.Observation.observe(Observation.java:499) ~[micrometer-observation-1.12.5.jar:1.12.5]
	at org.springframework.scheduling.support.ScheduledMethodRunnable.run(ScheduledMethodRunnable.java:124) ~[spring-context-6.1.6.jar:6.1.6]
	at org.springframework.scheduling.support.DelegatingErrorHandlingRunnable.run(DelegatingErrorHandlingRunnable.java:54) ~[spring-context-6.1.6.jar:6.1.6]
	at java.base/java.util.concurrent.Executors$RunnableAdapter.call(Executors.java:572) ~[na:na]
	at java.base/java.util.concurrent.FutureTask.runAndReset(FutureTask.java:358) ~[na:na]
	at java.base/java.util.concurrent.ScheduledThreadPoolExecutor$ScheduledFutureTask.run(ScheduledThreadPoolExecutor.java:305) ~[na:na]
	at java.base/java.util.concurrent.ThreadPoolExecutor.runWorker(ThreadPoolExecutor.java:1144) ~[na:na]
	at java.base/java.util.concurrent.ThreadPoolExecutor$Worker.run(ThreadPoolExecutor.java:642) ~[na:na]
	at java.base/java.lang.Thread.run(Thread.java:1583) ~[na:na]

]]></system-out>
    <system-err><![CDATA[WARNING: A Java agent has been loaded dynamically (/Users/apple/.m2/repository/net/bytebuddy/byte-buddy-agent/1.14.13/byte-buddy-agent-1.14.13.jar)
WARNING: If a serviceability tool is in use, please run with -XX:+EnableDynamicAgentLoading to hide this warning
WARNING: If a serviceability tool is not in use, please run with -Djdk.instrument.traceUsage for more information
WARNING: Dynamic loading of agents will be disallowed by default in a future release
]]></system-err>
  </testcase>
</testsuite>